<?xml version="1.0" encoding="UTF-8"?>
<!-- Generated by org.testng.reporters.JUnitReportReporter -->
<testsuite hostname="IN-NOI-LAKSHIT1" failures="0" tests="2" name="testcases.LoginTest" time="4.281" errors="0" timestamp="23 Apr 2023 07:31:05 GMT" skipped="0">
  <testcase classname="testcases.LoginTest" name="invalidLogin" time="2.432"/>
  <testcase classname="testcases.LoginTest" name="validLogin" time="1.849"/>
</testsuite> <!-- testcases.LoginTest -->
