<?xml version="1.0" encoding="UTF-8"?>
<!-- Generated by org.testng.reporters.JUnitReportReporter -->
<testsuite hostname="IN-NOI-LAKSHIT1" failures="0" tests="2" name="testcases.LoginTest" time="4.379" errors="0" timestamp="23 Apr 2023 07:35:56 GMT" skipped="0">
  <testcase classname="testcases.LoginTest" name="validLogin" time="2.180"/>
  <testcase classname="testcases.LoginTest" name="invalidLogin" time="2.199"/>
</testsuite> <!-- testcases.LoginTest -->
